c:\users\wuddi\onedrive - city, university of london\year 2\term 2\in2026 games technology\coursework\in2026-asteroids-coursework\vc\asteroids\debug\vc143.pdb
c:\users\wuddi\onedrive - city, university of london\year 2\term 2\in2026 games technology\coursework\in2026-asteroids-coursework\vc\asteroids\debug\vc143.idb
c:\users\wuddi\onedrive - city, university of london\year 2\term 2\in2026 games technology\coursework\in2026-asteroids-coursework\vc\asteroids\debug\asteroid.obj
c:\users\wuddi\onedrive - city, university of london\year 2\term 2\in2026 games technology\coursework\in2026-asteroids-coursework\vc\asteroids\debug\asteroids.obj
c:\users\wuddi\onedrive - city, university of london\year 2\term 2\in2026 games technology\coursework\in2026-asteroids-coursework\vc\asteroids\debug\bullet.obj
c:\users\wuddi\onedrive - city, university of london\year 2\term 2\in2026 games technology\coursework\in2026-asteroids-coursework\vc\asteroids\debug\explosion.obj
c:\users\wuddi\onedrive - city, university of london\year 2\term 2\in2026 games technology\coursework\in2026-asteroids-coursework\vc\asteroids\debug\extralifepowerup.obj
c:\users\wuddi\onedrive - city, university of london\year 2\term 2\in2026 games technology\coursework\in2026-asteroids-coursework\vc\asteroids\debug\invincibilitypowerup.obj
c:\users\wuddi\onedrive - city, university of london\year 2\term 2\in2026 games technology\coursework\in2026-asteroids-coursework\vc\asteroids\debug\main.obj
c:\users\wuddi\onedrive - city, university of london\year 2\term 2\in2026 games technology\coursework\in2026-asteroids-coursework\vc\asteroids\debug\smallasteroid.obj
c:\users\wuddi\onedrive - city, university of london\year 2\term 2\in2026 games technology\coursework\in2026-asteroids-coursework\vc\asteroids\debug\spaceship.obj
c:\users\wuddi\onedrive - city, university of london\year 2\term 2\in2026 games technology\coursework\in2026-asteroids-coursework\bin\asteroids.exe
c:\users\wuddi\onedrive - city, university of london\year 2\term 2\in2026 games technology\coursework\in2026-asteroids-coursework\vc\asteroids\debug\asteroids.pdb
c:\users\wuddi\onedrive - city, university of london\year 2\term 2\in2026 games technology\coursework\in2026-asteroids-coursework\vc\asteroids\debug\asteroids.ilk
c:\users\wuddi\onedrive - city, university of london\year 2\term 2\in2026 games technology\coursework\in2026-asteroids-coursework\vc\asteroids\debug\asteroids.tlog\cl.command.1.tlog
c:\users\wuddi\onedrive - city, university of london\year 2\term 2\in2026 games technology\coursework\in2026-asteroids-coursework\vc\asteroids\debug\asteroids.tlog\cl.items.tlog
c:\users\wuddi\onedrive - city, university of london\year 2\term 2\in2026 games technology\coursework\in2026-asteroids-coursework\vc\asteroids\debug\asteroids.tlog\cl.read.1.tlog
c:\users\wuddi\onedrive - city, university of london\year 2\term 2\in2026 games technology\coursework\in2026-asteroids-coursework\vc\asteroids\debug\asteroids.tlog\cl.write.1.tlog
c:\users\wuddi\onedrive - city, university of london\year 2\term 2\in2026 games technology\coursework\in2026-asteroids-coursework\vc\asteroids\debug\asteroids.tlog\link.command.1.tlog
c:\users\wuddi\onedrive - city, university of london\year 2\term 2\in2026 games technology\coursework\in2026-asteroids-coursework\vc\asteroids\debug\asteroids.tlog\link.read.1.tlog
c:\users\wuddi\onedrive - city, university of london\year 2\term 2\in2026 games technology\coursework\in2026-asteroids-coursework\vc\asteroids\debug\asteroids.tlog\link.secondary.1.tlog
c:\users\wuddi\onedrive - city, university of london\year 2\term 2\in2026 games technology\coursework\in2026-asteroids-coursework\vc\asteroids\debug\asteroids.tlog\link.write.1.tlog
